<?xml version="1.0" encoding="UTF-8"?>
<testng-results ignored="0" total="2" passed="2" failed="0" skipped="0">
  <reporter-output>
  </reporter-output>
  <suite started-at="2023-09-12T14:01:28 IST" name="tendable Automation" finished-at="2023-09-12T14:02:04 IST" duration-ms="35707">
    <groups>
    </groups>
    <test started-at="2023-09-12T14:01:28 IST" name="Regression" finished-at="2023-09-12T14:02:04 IST" duration-ms="35707">
      <class name="com.tendable.testcase.Tendable_TestCase">
        <test-method is-config="true" signature="setup(java.lang.String)[pri:0, instance:com.tendable.testcase.Tendable_TestCase@49049a04]" started-at="2023-09-12T14:01:28 IST" name="setup" finished-at="2023-09-12T14:01:35 IST" duration-ms="6982" status="PASS">
          <params>
            <param index="0">
              <value>
                <![CDATA[chrome]]>
              </value>
            </param>
          </params>
          <reporter-output>
          </reporter-output>
        </test-method> <!-- setup -->
        <test-method signature="accessibility()[pri:0, instance:com.tendable.testcase.Tendable_TestCase@49049a04]" started-at="2023-09-12T14:01:35 IST" name="accessibility" finished-at="2023-09-12T14:01:47 IST" duration-ms="11743" status="PASS">
          <reporter-output>
          </reporter-output>
        </test-method> <!-- accessibility -->
        <test-method is-config="true" signature="tearDown()[pri:0, instance:com.tendable.testcase.Tendable_TestCase@49049a04]" started-at="2023-09-12T14:01:47 IST" name="tearDown" finished-at="2023-09-12T14:01:47 IST" duration-ms="260" status="PASS">
          <reporter-output>
          </reporter-output>
        </test-method> <!-- tearDown -->
        <test-method is-config="true" signature="setup(java.lang.String)[pri:0, instance:com.tendable.testcase.Tendable_TestCase@49049a04]" started-at="2023-09-12T14:01:47 IST" name="setup" finished-at="2023-09-12T14:01:53 IST" duration-ms="6187" status="PASS">
          <params>
            <param index="0">
              <value>
                <![CDATA[chrome]]>
              </value>
            </param>
          </params>
          <reporter-output>
          </reporter-output>
        </test-method> <!-- setup -->
        <test-method signature="contactUs()[pri:0, instance:com.tendable.testcase.Tendable_TestCase@49049a04]" started-at="2023-09-12T14:01:53 IST" name="contactUs" finished-at="2023-09-12T14:02:04 IST" duration-ms="10220" status="PASS">
          <reporter-output>
          </reporter-output>
        </test-method> <!-- contactUs -->
        <test-method is-config="true" signature="tearDown()[pri:0, instance:com.tendable.testcase.Tendable_TestCase@49049a04]" started-at="2023-09-12T14:02:04 IST" name="tearDown" finished-at="2023-09-12T14:02:04 IST" duration-ms="277" status="PASS">
          <reporter-output>
          </reporter-output>
        </test-method> <!-- tearDown -->
      </class> <!-- com.tendable.testcase.Tendable_TestCase -->
    </test> <!-- Regression -->
  </suite> <!-- tendable Automation -->
</testng-results>
